<?xml version="1.0" encoding="UTF-8"?>
<!-- Generated by org.testng.reporters.JUnitReportReporter -->
<testsuite hostname="Dev-Professinal" failures="0" tests="1" name="automation.testsuite.practiceXpathDay8" time="4.315" errors="0" timestamp="2025-10-23T20:26:05 ICT" skipped="0">
  <testcase classname="automation.testsuite.practiceXpathDay8" name="getElementById" time="4.315"/>
</testsuite> <!-- automation.testsuite.practiceXpathDay8 -->
