<?xml version="1.0" encoding="UTF-8"?>
<!-- Generated by org.testng.reporters.JUnitReportReporter -->
<testsuite hostname="Dev-Professinal" failures="0" tests="1" name="automation.testsuite.Day8_Bai1" time="9.579" errors="0" timestamp="2025-10-23T19:56:50 ICT" skipped="0">
  <testcase classname="automation.testsuite.Day8_Bai1" name="getElementById" time="9.579"/>
</testsuite> <!-- automation.testsuite.Day8_Bai1 -->
