<?xml version="1.0" encoding="UTF-8"?>
<!-- Generated by org.testng.reporters.JUnitReportReporter -->
<testsuite hostname="Dev-Professinal" failures="0" tests="1" name="automation.testsuite.Day8_Locator" time="14.492" errors="0" timestamp="2025-10-22T21:23:56 ICT" skipped="0">
  <testcase classname="automation.testsuite.Day8_Locator" name="getElementByClass" time="14.492"/>
</testsuite> <!-- automation.testsuite.Day8_Locator -->
