<?xml version="1.0" encoding="UTF-8"?>
<!-- Generated by org.testng.reporters.JUnitReportReporter -->
<testsuite hostname="Dev-Professinal" failures="0" tests="1" name="automation.testsuite.TS_PracticeLocateElement" time="15.255" errors="0" timestamp="2025-10-23T20:11:23 ICT" skipped="0">
  <testcase classname="automation.testsuite.TS_PracticeLocateElement" name="Demo_Testcase" time="15.255"/>
</testsuite> <!-- automation.testsuite.TS_PracticeLocateElement -->
